[debug] [2021-08-12T18:07:30.640Z] ----------------------------------------------------------------------
[debug] [2021-08-12T18:07:30.642Z] Command:       /usr/local/bin/node /usr/local/bin/firebase init
[debug] [2021-08-12T18:07:30.642Z] CLI Version:   9.16.2
[debug] [2021-08-12T18:07:30.643Z] Platform:      darwin
[debug] [2021-08-12T18:07:30.643Z] Node Version:  v12.13.1
[debug] [2021-08-12T18:07:30.644Z] Time:          Thu Aug 12 2021 23:37:30 GMT+0530 (India Standard Time)
[debug] [2021-08-12T18:07:30.644Z] ----------------------------------------------------------------------
[debug] 
[debug] [2021-08-12T18:07:30.660Z] > command requires scopes: ["email","openid","https://www.googleapis.com/auth/cloudplatformprojects.readonly","https://www.googleapis.com/auth/firebase","https://www.googleapis.com/auth/cloud-platform"]
[debug] [2021-08-12T18:07:30.662Z] > authorizing via signed-in user (mrksht@gmail.com)
[info] 
     ######## #### ########  ######## ########     ###     ######  ########
     ##        ##  ##     ## ##       ##     ##  ##   ##  ##       ##
     ######    ##  ########  ######   ########  #########  ######  ######
     ##        ##  ##    ##  ##       ##     ## ##     ##       ## ##
     ##       #### ##     ## ######## ########  ##     ##  ######  ########

You're about to initialize a Firebase project in this directory:

  /Users/apple/welcome-page-green

[info] 
=== Project Setup
[info] 
[info] First, let's associate this project directory with a Firebase project.
[info] You can create multiple project aliases by running firebase use --add, 
[info] but for now we'll just set up a default project.
[info] 
[debug] [2021-08-12T18:08:28.743Z] >>> [apiv2][query] GET https://firebase.googleapis.com/v1beta1/projects pageSize=100
[debug] [2021-08-12T18:08:29.509Z] <<< [apiv2][status] GET https://firebase.googleapis.com/v1beta1/projects 200
[debug] [2021-08-12T18:08:29.509Z] <<< [apiv2][body] GET https://firebase.googleapis.com/v1beta1/projects [omitted]
[info] i  Using project green-trucks---welcome (Green Trucks - Welcome) 
[info] 
=== Hosting Setup
[info] 
[info] Your public directory is the folder (relative to your project directory) that
[info] will contain Hosting assets to be uploaded with firebase deploy. If you
[info] have a build process for your assets, use your build's output directory.
[info] 
[debug] [2021-08-12T18:09:08.310Z] >>> [apiv2][query] GET https://www.gstatic.com/firebasejs/releases.json [none]
[debug] [2021-08-12T18:09:08.710Z] <<< [apiv2][status] GET https://www.gstatic.com/firebasejs/releases.json 200
[debug] [2021-08-12T18:09:08.711Z] <<< [apiv2][body] GET https://www.gstatic.com/firebasejs/releases.json {"current":{"version":"8.9.1","browserURL":"https://www.gstatic.com/firebasejs/8.9.1/firebase.js","packageURL":"https://www.gstatic.com/firebasejs/8.9.1/firebase.tgz"},"live":{"version":"8.9","browserURL":"https://www.gstatic.com/firebasejs/live/8.9/firebase.js","packageURL":"https://www.gstatic.com/firebasejs/live/8.9/firebase.tgz"},"components":{"analytics":"https://www.gstatic.com/firebasejs/8.9.1/firebase-analytics.js","app":"https://www.gstatic.com/firebasejs/8.9.1/firebase-app.js","app-check":"https://www.gstatic.com/firebasejs/8.9.1/firebase-app-check.js","auth":"https://www.gstatic.com/firebasejs/8.9.1/firebase-auth.js","database":"https://www.gstatic.com/firebasejs/8.9.1/firebase-database.js","firestore":"https://www.gstatic.com/firebasejs/8.9.1/firebase-firestore.js","functions":"https://www.gstatic.com/firebasejs/8.9.1/firebase-functions.js","installations":"https://www.gstatic.com/firebasejs/8.9.1/firebase-installations.js","messaging":"https://www.gstatic.com/firebasejs/8.9.1/firebase-messaging.js","storage":"https://www.gstatic.com/firebasejs/8.9.1/firebase-storage.js","performance":"https://www.gstatic.com/firebasejs/8.9.1/firebase-performance.js","remote-config":"https://www.gstatic.com/firebasejs/8.9.1/firebase-remote-config.js","firestore.memory":"https://www.gstatic.com/firebasejs/8.9.1/firebase-firestore.memory.js"}}
[info] ✔  Wrote /index.html 
[info] 
[info] i  Detected a .git folder at /Users/apple/welcome-page-green 
[info] i  Authorizing with GitHub to upload your service account to a GitHub repository's secrets store. 
[info] 
[info] Visit this URL on this device to log in:
[info] https://github.com/login/oauth/authorize?client_id=89cf50f02ac6aaed3484&state=808819850&redirect_uri=http%3A%2F%2Flocalhost%3A9005&scope=read%3Auser%20repo%20public_repo
[info] 
[info] Waiting for authentication...
[debug] [2021-08-12T18:09:18.686Z] >>> HTTP REQUEST POST https://github.com/login/oauth/access_token  
 {"client_id":"89cf50f02ac6aaed3484","client_secret":"3330d14abc895d9a74d5f17cd7a00711fa2c5bf0","code":"050cf8ced37b5ef87a2f","redirect_uri":"http://localhost:9005","state":"808819850"}
[debug] [2021-08-12T18:09:19.197Z] <<< HTTP RESPONSE 200 {"server":"GitHub.com","date":"Thu, 12 Aug 2021 18:09:18 GMT","content-type":"application/json; charset=utf-8","transfer-encoding":"chunked","vary":"X-PJAX, Accept-Encoding, Accept, X-Requested-With","permissions-policy":"interest-cohort=()","etag":"W/\"aaeabab45e138fdccfbd9f8ff2c87f47\"","cache-control":"max-age=0, private, must-revalidate","strict-transport-security":"max-age=31536000; includeSubdomains; preload","x-frame-options":"deny","x-content-type-options":"nosniff","x-xss-protection":"0","referrer-policy":"origin-when-cross-origin, strict-origin-when-cross-origin","expect-ct":"max-age=2592000, report-uri=\"https://api.github.com/_private/browser/errors\"","content-security-policy":"default-src 'none'; base-uri 'self'; block-all-mixed-content; connect-src 'self' uploads.github.com www.githubstatus.com collector.githubapp.com api.github.com github-cloud.s3.amazonaws.com github-production-repository-file-5c1aeb.s3.amazonaws.com github-production-upload-manifest-file-7fdce7.s3.amazonaws.com github-production-user-asset-6210df.s3.amazonaws.com cdn.optimizely.com logx.optimizely.com/v1/events translator.github.com wss://alive.github.com; font-src github.githubassets.com; form-action 'self' github.com gist.github.com; frame-ancestors 'none'; frame-src render.githubusercontent.com render-temp.githubusercontent.com viewscreen.githubusercontent.com; img-src 'self' data: github.githubassets.com identicons.github.com collector.githubapp.com github-cloud.s3.amazonaws.com secured-user-images.githubusercontent.com/ *.githubusercontent.com; manifest-src 'self'; media-src 'none'; script-src github.githubassets.com; style-src 'unsafe-inline' github.githubassets.com; worker-src github.com/socket-worker-3f088aa2.js gist.github.com/socket-worker-3f088aa2.js","x-github-request-id":"1E30:18FC:80DA78:8C5A7A:611563CE"}
[debug] [2021-08-12T18:09:19.203Z] >>> [apiv2][query] GET https://api.github.com/user [none]
[debug] [2021-08-12T18:09:19.645Z] <<< [apiv2][status] GET https://api.github.com/user 200
[debug] [2021-08-12T18:09:19.645Z] <<< [apiv2][body] GET https://api.github.com/user {"login":"rak-shit","id":30564496,"node_id":"MDQ6VXNlcjMwNTY0NDk2","avatar_url":"https://avatars.githubusercontent.com/u/30564496?v=4","gravatar_id":"","url":"https://api.github.com/users/rak-shit","html_url":"https://github.com/rak-shit","followers_url":"https://api.github.com/users/rak-shit/followers","following_url":"https://api.github.com/users/rak-shit/following{/other_user}","gists_url":"https://api.github.com/users/rak-shit/gists{/gist_id}","starred_url":"https://api.github.com/users/rak-shit/starred{/owner}{/repo}","subscriptions_url":"https://api.github.com/users/rak-shit/subscriptions","organizations_url":"https://api.github.com/users/rak-shit/orgs","repos_url":"https://api.github.com/users/rak-shit/repos","events_url":"https://api.github.com/users/rak-shit/events{/privacy}","received_events_url":"https://api.github.com/users/rak-shit/received_events","type":"User","site_admin":false,"name":"Rakshit","company":"Esper","blog":"www.esper.io","location":"Bangalore","email":null,"hireable":null,"bio":"Graduated from IIIT Allahabad | Full Stack Web Developer | Hyderabadi | Not a Typical Engineer","twitter_username":null,"public_repos":29,"public_gists":6,"followers":4,"following":1,"created_at":"2017-07-30T05:26:34Z","updated_at":"2021-08-12T18:09:13Z","private_gists":1,"total_private_repos":0,"owned_private_repos":0,"disk_usage":58212,"collaborators":0,"two_factor_authentication":false,"plan":{"name":"free","space":976562499,"collaborators":0,"private_repos":10000}}
[info] 
[info] ✔  Success! Logged into GitHub as rak-shit 
[info] 
[debug] [2021-08-12T18:09:45.571Z] >>> [apiv2][query] GET https://api.github.com/repos/i/actions/secrets/public-key type=owner
[debug] [2021-08-12T18:09:45.921Z] <<< [apiv2][status] GET https://api.github.com/repos/i/actions/secrets/public-key 404
[debug] [2021-08-12T18:09:45.922Z] <<< [apiv2][body] GET https://api.github.com/repos/i/actions/secrets/public-key {"message":"Not Found","documentation_url":"https://docs.github.com/rest"}
